<?xml version="1.0" encoding="UTF-8"?>
<testng-results skipped="0" failed="0" ignored="0" total="2" passed="2">
  <reporter-output>
  </reporter-output>
  <suite name="Default suite" duration-ms="29948" started-at="2019-12-01T09:01:43Z" finished-at="2019-12-01T09:02:13Z">
    <groups>
    </groups>
    <test name="Default test" duration-ms="29948" started-at="2019-12-01T09:01:43Z" finished-at="2019-12-01T09:02:13Z">
      <class name="com.qopper.testcases.LoginPage">
        <test-method status="PASS" signature="LounchBrowser()[pri:0, instance:com.qopper.testcases.LoginPage@4501b7af]" name="LounchBrowser" is-config="true" duration-ms="11230" started-at="2019-12-01T09:01:43Z" finished-at="2019-12-01T09:01:54Z">
          <reporter-output>
          </reporter-output>
        </test-method> <!-- LounchBrowser -->
        <test-method status="PASS" signature="loginSuccessful()[pri:1, instance:com.qopper.testcases.LoginPage@4501b7af]" name="loginSuccessful" duration-ms="4374" started-at="2019-12-01T09:01:54Z" finished-at="2019-12-01T09:01:58Z">
          <reporter-output>
          </reporter-output>
        </test-method> <!-- loginSuccessful -->
        <test-method status="PASS" signature="closeBrowser()[pri:0, instance:com.qopper.testcases.LoginPage@4501b7af]" name="closeBrowser" is-config="true" duration-ms="201" started-at="2019-12-01T09:01:58Z" finished-at="2019-12-01T09:01:58Z">
          <reporter-output>
          </reporter-output>
        </test-method> <!-- closeBrowser -->
        <test-method status="PASS" signature="LounchBrowser()[pri:0, instance:com.qopper.testcases.LoginPage@4501b7af]" name="LounchBrowser" is-config="true" duration-ms="11247" started-at="2019-12-01T09:01:58Z" finished-at="2019-12-01T09:02:10Z">
          <reporter-output>
          </reporter-output>
        </test-method> <!-- LounchBrowser -->
        <test-method status="PASS" signature="loginWithWrongPassword()[pri:2, instance:com.qopper.testcases.LoginPage@4501b7af]" name="loginWithWrongPassword" duration-ms="2628" started-at="2019-12-01T09:02:10Z" finished-at="2019-12-01T09:02:12Z">
          <reporter-output>
          </reporter-output>
        </test-method> <!-- loginWithWrongPassword -->
        <test-method status="PASS" signature="closeBrowser()[pri:0, instance:com.qopper.testcases.LoginPage@4501b7af]" name="closeBrowser" is-config="true" duration-ms="242" started-at="2019-12-01T09:02:12Z" finished-at="2019-12-01T09:02:13Z">
          <reporter-output>
          </reporter-output>
        </test-method> <!-- closeBrowser -->
      </class> <!-- com.qopper.testcases.LoginPage -->
    </test> <!-- Default test -->
  </suite> <!-- Default suite -->
</testng-results>
